<?xml version="1.0" encoding="UTF-8"?>
<testng-results ignored="0" total="1" passed="1" failed="0" skipped="0">
  <reporter-output>
  </reporter-output>
  <suite started-at="2022-03-23T13:30:38 IST" name="Default suite" finished-at="2022-03-23T13:30:51 IST" duration-ms="13046">
    <groups>
    </groups>
    <test started-at="2022-03-23T13:30:38 IST" name="Default test" finished-at="2022-03-23T13:30:51 IST" duration-ms="13046">
      <class name="marketing.LoginpageTest">
        <test-method signature="vtiger()[pri:0, instance:marketing.LoginpageTest@50ad3bc1]" started-at="2022-03-23T13:30:38 IST" name="vtiger" finished-at="2022-03-23T13:30:51 IST" duration-ms="12981" status="PASS">
          <reporter-output>
          </reporter-output>
        </test-method> <!-- vtiger -->
      </class> <!-- marketing.LoginpageTest -->
    </test> <!-- Default test -->
  </suite> <!-- Default suite -->
</testng-results>
